<?xml version="1.0" encoding="UTF-8"?>
<testsuites>
  <testsuite name="Learnosity PHP SDK Test Suite" tests="73" assertions="93" failures="0" errors="0" time="0.039347">
    <testsuite name="tests\LearnositySdk\Request\InitTest" file="/Users/karoltarasiuk/salt-developer/code/site/demos/src/sdk/src/tests/LearnositySdk/Request/InitTest.php" tests="26" assertions="46" failures="0" errors="0" time="0.017070">
      <testsuite name="tests\LearnositySdk\Request\InitTest::testGenerateSignature" tests="2" assertions="2" failures="0" errors="0" time="0.003239">
        <testcase name="testGenerateSignature with data set #0" assertions="1" time="0.002291"/>
        <testcase name="testGenerateSignature with data set #1" assertions="1" time="0.000948"/>
      </testsuite>
      <testsuite name="tests\LearnositySdk\Request\InitTest::testGenerate" tests="2" assertions="2" failures="0" errors="0" time="0.001505">
        <testcase name="testGenerate with data set #0" assertions="1" time="0.000669"/>
        <testcase name="testGenerate with data set #1" assertions="1" time="0.000836"/>
      </testsuite>
      <testsuite name="tests\LearnositySdk\Request\InitTest::testConstructor" tests="11" assertions="21" failures="0" errors="0" time="0.007418">
        <testcase name="testConstructor with data set #0" assertions="1" time="0.001420"/>
        <testcase name="testConstructor with data set #1" assertions="2" time="0.001710"/>
        <testcase name="testConstructor with data set #2" assertions="2" time="0.000527"/>
        <testcase name="testConstructor with data set #3" assertions="2" time="0.000560"/>
        <testcase name="testConstructor with data set #4" assertions="2" time="0.000669"/>
        <testcase name="testConstructor with data set #5" assertions="2" time="0.000411"/>
        <testcase name="testConstructor with data set #6" assertions="2" time="0.000447"/>
        <testcase name="testConstructor with data set #7" assertions="2" time="0.000435"/>
        <testcase name="testConstructor with data set #8" assertions="2" time="0.000434"/>
        <testcase name="testConstructor with data set #9" assertions="2" time="0.000389"/>
        <testcase name="testConstructor with data set #10" assertions="2" time="0.000416"/>
      </testsuite>
      <testsuite name="tests\LearnositySdk\Request\InitTest::testValidate" tests="11" assertions="21" failures="0" errors="0" time="0.004908">
        <testcase name="testValidate with data set #0" assertions="1" time="0.001002"/>
        <testcase name="testValidate with data set #1" assertions="2" time="0.000401"/>
        <testcase name="testValidate with data set #2" assertions="2" time="0.000386"/>
        <testcase name="testValidate with data set #3" assertions="2" time="0.000369"/>
        <testcase name="testValidate with data set #4" assertions="2" time="0.000362"/>
        <testcase name="testValidate with data set #5" assertions="2" time="0.000390"/>
        <testcase name="testValidate with data set #6" assertions="2" time="0.000387"/>
        <testcase name="testValidate with data set #7" assertions="2" time="0.000364"/>
        <testcase name="testValidate with data set #8" assertions="2" time="0.000418"/>
        <testcase name="testValidate with data set #9" assertions="2" time="0.000411"/>
        <testcase name="testValidate with data set #10" assertions="2" time="0.000418"/>
      </testsuite>
    </testsuite>
    <testsuite name="tests\LearnositySdk\Request\RemoteTest" file="/Users/karoltarasiuk/salt-developer/code/site/demos/src/sdk/src/tests/LearnositySdk/Request/RemoteTest.php" tests="1" assertions="1" failures="0" errors="0" time="0.000483">
      <testcase name="test" class="tests\LearnositySdk\Request\RemoteTest" file="/Users/karoltarasiuk/salt-developer/code/site/demos/src/sdk/src/tests/LearnositySdk/Request/RemoteTest.php" line="63" assertions="1" time="0.000483"/>
    </testsuite>
    <testsuite name="tests\LearnositySdk\Utils\ConversionTest" file="/Users/karoltarasiuk/salt-developer/code/site/demos/src/sdk/src/tests/LearnositySdk/Utils/ConversionTest.php" tests="10" assertions="10" failures="0" errors="0" time="0.004693">
      <testsuite name="tests\LearnositySdk\Utils\ConversionTest::testFormatSizeUnits" tests="10" assertions="10" failures="0" errors="0" time="0.004693">
        <testcase name="testFormatSizeUnits with data set #0" assertions="1" time="0.000843"/>
        <testcase name="testFormatSizeUnits with data set #1" assertions="1" time="0.000374"/>
        <testcase name="testFormatSizeUnits with data set #2" assertions="1" time="0.000446"/>
        <testcase name="testFormatSizeUnits with data set #3" assertions="1" time="0.000492"/>
        <testcase name="testFormatSizeUnits with data set #4" assertions="1" time="0.000399"/>
        <testcase name="testFormatSizeUnits with data set #5" assertions="1" time="0.000423"/>
        <testcase name="testFormatSizeUnits with data set #6" assertions="1" time="0.000472"/>
        <testcase name="testFormatSizeUnits with data set #7" assertions="1" time="0.000365"/>
        <testcase name="testFormatSizeUnits with data set #8" assertions="1" time="0.000350"/>
        <testcase name="testFormatSizeUnits with data set #9" assertions="1" time="0.000529"/>
      </testsuite>
    </testsuite>
    <testsuite name="tests\LearnositySdk\Utils\JsonTest" file="/Users/karoltarasiuk/salt-developer/code/site/demos/src/sdk/src/tests/LearnositySdk/Utils/JsonTest.php" tests="17" assertions="17" failures="0" errors="0" time="0.008538">
      <testcase name="testCheckError" class="tests\LearnositySdk\Utils\JsonTest" file="/Users/karoltarasiuk/salt-developer/code/site/demos/src/sdk/src/tests/LearnositySdk/Utils/JsonTest.php" line="9" assertions="1" time="0.000527"/>
      <testsuite name="tests\LearnositySdk\Utils\JsonTest::testEncode" tests="4" assertions="4" failures="0" errors="0" time="0.002203">
        <testcase name="testEncode with data set #0" assertions="1" time="0.000588"/>
        <testcase name="testEncode with data set #1" assertions="1" time="0.000534"/>
        <testcase name="testEncode with data set #2" assertions="1" time="0.000466"/>
        <testcase name="testEncode with data set #3" assertions="1" time="0.000615"/>
      </testsuite>
      <testsuite name="tests\LearnositySdk\Utils\JsonTest::testIsJson" tests="12" assertions="12" failures="0" errors="0" time="0.005807">
        <testcase name="testIsJson with data set #0" assertions="1" time="0.000507"/>
        <testcase name="testIsJson with data set #1" assertions="1" time="0.000408"/>
        <testcase name="testIsJson with data set #2" assertions="1" time="0.000444"/>
        <testcase name="testIsJson with data set #3" assertions="1" time="0.000490"/>
        <testcase name="testIsJson with data set #4" assertions="1" time="0.000567"/>
        <testcase name="testIsJson with data set #5" assertions="1" time="0.000518"/>
        <testcase name="testIsJson with data set #6" assertions="1" time="0.000474"/>
        <testcase name="testIsJson with data set #7" assertions="1" time="0.000695"/>
        <testcase name="testIsJson with data set #8" assertions="1" time="0.000428"/>
        <testcase name="testIsJson with data set #9" assertions="1" time="0.000491"/>
        <testcase name="testIsJson with data set #10" assertions="1" time="0.000392"/>
        <testcase name="testIsJson with data set #11" assertions="1" time="0.000394"/>
      </testsuite>
    </testsuite>
    <testsuite name="tests\LearnositySdk\Utils\UuidTest" file="/Users/karoltarasiuk/salt-developer/code/site/demos/src/sdk/src/tests/LearnositySdk/Utils/UuidTest.php" tests="19" assertions="19" failures="0" errors="0" time="0.008563">
      <testsuite name="tests\LearnositySdk\Utils\UuidTest::testGenerate" tests="10" assertions="10" failures="0" errors="0" time="0.005003">
        <testcase name="testGenerate with data set #0" assertions="1" time="0.001185"/>
        <testcase name="testGenerate with data set #1" assertions="1" time="0.000423"/>
        <testcase name="testGenerate with data set #2" assertions="1" time="0.000494"/>
        <testcase name="testGenerate with data set #3" assertions="1" time="0.000424"/>
        <testcase name="testGenerate with data set #4" assertions="1" time="0.000441"/>
        <testcase name="testGenerate with data set #5" assertions="1" time="0.000382"/>
        <testcase name="testGenerate with data set #6" assertions="1" time="0.000364"/>
        <testcase name="testGenerate with data set #7" assertions="1" time="0.000397"/>
        <testcase name="testGenerate with data set #8" assertions="1" time="0.000487"/>
        <testcase name="testGenerate with data set #9" assertions="1" time="0.000407"/>
      </testsuite>
      <testsuite name="tests\LearnositySdk\Utils\UuidTest::testIsValid" tests="9" assertions="9" failures="0" errors="0" time="0.003559">
        <testcase name="testIsValid with data set #0" assertions="1" time="0.000409"/>
        <testcase name="testIsValid with data set #1" assertions="1" time="0.000406"/>
        <testcase name="testIsValid with data set #2" assertions="1" time="0.000379"/>
        <testcase name="testIsValid with data set #3" assertions="1" time="0.000379"/>
        <testcase name="testIsValid with data set #4" assertions="1" time="0.000348"/>
        <testcase name="testIsValid with data set #5" assertions="1" time="0.000442"/>
        <testcase name="testIsValid with data set #6" assertions="1" time="0.000427"/>
        <testcase name="testIsValid with data set #7" assertions="1" time="0.000378"/>
        <testcase name="testIsValid with data set #8" assertions="1" time="0.000391"/>
      </testsuite>
    </testsuite>
  </testsuite>
</testsuites>
